  ChessBoardScreen.cpp
C:\Users\ACER\Documents\Network Programming\Course PRJ\TCP-Chess-master\TCP-Chess-master\GUI\Chess\ChessBoardScreen.cpp(27,69): warning C4244: 'argument': conversion from 'T' to 'float', possible loss of data
          with
          [
              T=unsigned int
          ]
C:\Users\ACER\Documents\Network Programming\Course PRJ\TCP-Chess-master\TCP-Chess-master\GUI\Chess\ChessBoardScreen.cpp(27,43): warning C4244: 'argument': conversion from 'T' to 'float', possible loss of data
          with
          [
              T=unsigned int
          ]
C:\Users\ACER\Documents\Network Programming\Course PRJ\TCP-Chess-master\TCP-Chess-master\GUI\Chess\ChessBoardScreen.cpp(33,49): warning C4244: 'argument': conversion from 'T' to 'float', possible loss of data
          with
          [
              T=unsigned int
          ]
C:\Users\ACER\Documents\Network Programming\Course PRJ\TCP-Chess-master\TCP-Chess-master\GUI\Chess\ChessBoardScreen.cpp(98,67): warning C4244: 'argument': conversion from 'T' to 'T', possible loss of data
          with
          [
              T=int
          ]
          and
          [
              T=float
          ]
C:\Users\ACER\Documents\Network Programming\Course PRJ\TCP-Chess-master\TCP-Chess-master\GUI\Chess\ChessBoardScreen.cpp(98,60): warning C4244: 'argument': conversion from 'T' to 'T', possible loss of data
          with
          [
              T=int
          ]
          and
          [
              T=float
          ]
C:\Users\ACER\Documents\Network Programming\Course PRJ\TCP-Chess-master\TCP-Chess-master\GUI\Chess\ChessBoardScreen.cpp(128,70): warning C4244: 'argument': conversion from 'int' to 'T', possible loss of data
          with
          [
              T=float
          ]
C:\Users\ACER\Documents\Network Programming\Course PRJ\TCP-Chess-master\TCP-Chess-master\GUI\Chess\ChessBoardScreen.cpp(128,44): warning C4244: 'argument': conversion from 'int' to 'T', possible loss of data
          with
          [
              T=float
          ]
C:\Users\ACER\Documents\Network Programming\Course PRJ\TCP-Chess-master\TCP-Chess-master\GUI\Chess\ChessBoardScreen.cpp(200,45): warning C4244: 'argument': conversion from 'int' to 'float', possible loss of data
C:\Users\ACER\Documents\Network Programming\Course PRJ\TCP-Chess-master\TCP-Chess-master\GUI\Chess\ChessBoardScreen.cpp(200,35): warning C4244: 'argument': conversion from 'int' to 'float', possible loss of data
C:\Users\ACER\Documents\Network Programming\Course PRJ\TCP-Chess-master\TCP-Chess-master\GUI\Chess\ChessBoardScreen.cpp(240,37): warning C4244: 'argument': conversion from 'int' to 'T', possible loss of data
          with
          [
              T=float
          ]
C:\Users\ACER\Documents\Network Programming\Course PRJ\TCP-Chess-master\TCP-Chess-master\GUI\Chess\ChessBoardScreen.cpp(240,27): warning C4244: 'argument': conversion from 'int' to 'T', possible loss of data
          with
          [
              T=float
          ]
  Chess.vcxproj -> C:\Users\ACER\Documents\Network Programming\Course PRJ\TCP-Chess-master\TCP-Chess-master\GUI\x64\Debug\Chess.exe
